<?xml version="1.0" encoding="UTF-8"?>
<!-- Generated by org.testng.reporters.JUnitXMLReporter -->
<testsuite hostname="lenovo-y510p" name="Command line test" tests="3" failures="0" timestamp="9 Jul 2014 19:39:00 GMT" time="2.936" errors="0">
  <testcase name="testRestart" time="0.007" classname="com.paypal.merchant.retail.services.tabRelay.TabRelayServiceTest"/>
  <testcase name="testStart" time="2.917" classname="com.paypal.merchant.retail.services.tabRelay.TabRelayServiceTest"/>
  <testcase name="testStop" time="0.0" classname="com.paypal.merchant.retail.services.tabRelay.TabRelayServiceTest"/>
</testsuite> <!-- Command line test -->
